<?xml version="1.0" encoding="UTF-8"?>
<!-- Generated by org.testng.reporters.JUnitReportReporter -->
<testsuite name="scripts.TestScript1" tests="1" time="6.701" ignored="0" failures="0" timestamp="21 Feb 2021 06:18:23 GMT" skipped="0" hostname="DESKTOP-LRH6MPE" errors="0">
  <testcase name="testA" time="6.701" classname="scripts.TestScript1"/>
</testsuite> <!-- scripts.TestScript1 -->
