<?xml version="1.0" encoding="UTF-8"?>
<!-- Generated by org.testng.reporters.JUnitReportReporter -->
<testsuite name="scripts.ValidLogin" tests="1" time="13.935" ignored="0" failures="0" timestamp="23 Feb 2021 11:57:20 GMT" skipped="0" hostname="DESKTOP-LRH6MPE" errors="0">
  <testcase name="testValidLogin" time="13.935" classname="scripts.ValidLogin"/>
</testsuite> <!-- scripts.ValidLogin -->
