<?xml version="1.0" encoding="UTF-8"?>
<!-- Generated by org.testng.reporters.JUnitReportReporter -->
<testsuite name="scripts.InvalidLogin" tests="1" time="12.702" ignored="0" failures="0" timestamp="23 Feb 2021 11:57:20 GMT" skipped="0" hostname="DESKTOP-LRH6MPE" errors="0">
  <testcase name="testInvalidLogin" time="12.702" classname="scripts.InvalidLogin"/>
</testsuite> <!-- scripts.InvalidLogin -->
